Unity Editor version:    2021.3.0f1 (6eacc8284459)
Branch:                  2021.3/staging
Build type:              Release
Batch mode:              YES
macOS version:           Version 12.3.1 (Build 21E258)
Darwin version:          21.4.0
Architecture:            arm64
Running under Rosetta:   NO
Available memory:        16384 MB
Using pre-set license
Pro License: YES

COMMAND LINE ARGUMENTS:
/Applications/Unity/Hub/Editor/2021.3.0f1/Unity.app/Contents/MacOS/Unity
-adb2
-batchMode
-noUpm
-name
AssetImportWorker1
-projectPath
/Users/alphonsosensleyii/Documents/GitHub/MetaQuest2_Demo/MetaQuest2_Demo
-logFile
Logs/AssetImportWorker1.log
-srvPort
50319
Successfully changed project path to: /Users/alphonsosensleyii/Documents/GitHub/MetaQuest2_Demo/MetaQuest2_Demo
/Users/alphonsosensleyii/Documents/GitHub/MetaQuest2_Demo/MetaQuest2_Demo
[UnityMemory] Configuration Parameters - Can be set up in boot.config
    "memorysetup-bucket-allocator-granularity=16"
    "memorysetup-bucket-allocator-bucket-count=8"
    "memorysetup-bucket-allocator-block-size=33554432"
    "memorysetup-bucket-allocator-block-count=8"
    "memorysetup-main-allocator-block-size=16777216"
    "memorysetup-thread-allocator-block-size=16777216"
    "memorysetup-gfx-main-allocator-block-size=16777216"
    "memorysetup-gfx-thread-allocator-block-size=16777216"
    "memorysetup-cache-allocator-block-size=4194304"
    "memorysetup-typetree-allocator-block-size=2097152"
    "memorysetup-profiler-bucket-allocator-granularity=16"
    "memorysetup-profiler-bucket-allocator-bucket-count=8"
    "memorysetup-profiler-bucket-allocator-block-size=33554432"
    "memorysetup-profiler-bucket-allocator-block-count=8"
    "memorysetup-profiler-allocator-block-size=16777216"
    "memorysetup-profiler-editor-allocator-block-size=1048576"
    "memorysetup-temp-allocator-size-main=16777216"
    "memorysetup-job-temp-allocator-block-size=2097152"
    "memorysetup-job-temp-allocator-block-size-background=1048576"
    "memorysetup-job-temp-allocator-reduction-small-platforms=262144"
    "memorysetup-temp-allocator-size-background-worker=32768"
    "memorysetup-temp-allocator-size-job-worker=262144"
    "memorysetup-temp-allocator-size-preload-manager=33554432"
    "memorysetup-temp-allocator-size-nav-mesh-worker=65536"
    "memorysetup-temp-allocator-size-audio-worker=65536"
    "memorysetup-temp-allocator-size-cloud-worker=32768"
    "memorysetup-temp-allocator-size-gi-baking-worker=262144"
    "memorysetup-temp-allocator-size-gfx=262144"
Refreshing native plugins compatible for Editor in 89.43 ms, found 5 plugins.
Preloading 1 native plugins for Editor in 3.54 ms.
Initialize engine version: 2021.3.0f1 (6eacc8284459)
[Subsystems] Discovering subsystems at path /Applications/Unity/Hub/Editor/2021.3.0f1/Unity.app/Contents/Resources/UnitySubsystems
[Subsystems] Discovering subsystems at path /Users/alphonsosensleyii/Documents/GitHub/MetaQuest2_Demo/MetaQuest2_Demo/Assets
GfxDevice: creating device client; threaded=0; jobified=0
 preferred device: Apple M1 Pro (high power)
Metal devices available: 1
0: Apple M1 Pro (high power)
Using device Apple M1 Pro (high power)
Initializing Metal device caps: Apple M1 Pro
Shader 'Oculus/OVRMRCameraFrameLit': fallback shader 'Alpha-Diffuse' not found
Initialize mono
Mono path[0] = '/Applications/Unity/Hub/Editor/2021.3.0f1/Unity.app/Contents/Managed'
Mono path[1] = '/Applications/Unity/Hub/Editor/2021.3.0f1/Unity.app/Contents/MonoBleedingEdge/lib/mono/unityjit-macos'
Mono config path = '/Applications/Unity/Hub/Editor/2021.3.0f1/Unity.app/Contents/MonoBleedingEdge/etc'
Using monoOptions --debugger-agent=transport=dt_socket,embedding=1,server=y,suspend=n,address=127.0.0.1:56972
Begin MonoManager ReloadAssembly
Registering precompiled unity dll's ...
Register platform support module: /Applications/Unity/Hub/Editor/2021.3.0f1/PlaybackEngines/WebGLSupport/UnityEditor.WebGL.Extensions.dll
Register platform support module: /Applications/Unity/Hub/Editor/2021.3.0f1/Unity.app/Contents/PlaybackEngines/MacStandaloneSupport/UnityEditor.OSXStandalone.Extensions.dll
Register platform support module: /Applications/Unity/Hub/Editor/2021.3.0f1/PlaybackEngines/AndroidPlayer/UnityEditor.Android.Extensions.dll
Register platform support module: /Applications/Unity/Hub/Editor/2021.3.0f1/PlaybackEngines/iOSSupport/UnityEditor.iOS.Extensions.dll
Registered in 0.000566 seconds.
[usbmuxd] Start listen thread
[usbmuxd] Listen thread started
[usbmuxd] Send listen message
Native extension for iOS target not found
Native extension for Android target not found
Native extension for OSXStandalone target not found
Native extension for WebGL target not found
Refreshing native plugins compatible for Editor in 95.48 ms, found 5 plugins.
Preloading 1 native plugins for Editor in 0.39 ms.
Mono: successfully reloaded assembly
- Completed reload, in  0.439 seconds
Domain Reload Profiling:
	ReloadAssembly (439ms)
		BeginReloadAssembly (24ms)
			ExecutionOrderSort (0ms)
			DisableScriptedObjects (0ms)
			BackupInstance (0ms)
			ReleaseScriptingObjects (0ms)
			CreateAndSetChildDomain (0ms)
		EndReloadAssembly (350ms)
			LoadAssemblies (24ms)
			RebuildTransferFunctionScriptingTraits (0ms)
			SetupTypeCache (66ms)
			ReleaseScriptCaches (0ms)
			RebuildScriptCaches (18ms)
			SetupLoadedEditorAssemblies (239ms)
				LogAssemblyErrors (0ms)
				InitializePlatformSupportModulesInManaged (66ms)
				SetLoadedEditorAssemblies (1ms)
				RefreshPlugins (96ms)
				BeforeProcessingInitializeOnLoad (1ms)
				ProcessInitializeOnLoadAttributes (51ms)
				ProcessInitializeOnLoadMethodAttributes (25ms)
				AfterProcessingInitializeOnLoad (0ms)
				EditorAssembliesLoaded (0ms)
			ExecutionOrderSort2 (0ms)
			AwakeInstancesAfterBackupRestoration (0ms)
Platform modules already initialized, skipping
Registering precompiled user dll's ...
Registered in 0.001093 seconds.
Begin MonoManager ReloadAssembly
Symbol file LoadedFromMemory doesn't match image /Users/alphonsosensleyii/Documents/GitHub/MetaQuest2_Demo/MetaQuest2_Demo/Library/PackageCache/com.unity.visualscripting@1.7.6/Editor/VisualScripting.Core/Dependencies/YamlDotNet/Unity.VisualScripting.YamlDotNet.dll
Symbol file LoadedFromMemory is not a mono symbol file
Symbol file LoadedFromMemory doesn't match image /Users/alphonsosensleyii/Documents/GitHub/MetaQuest2_Demo/MetaQuest2_Demo/Library/PackageCache/com.unity.visualscripting@1.7.6/Editor/VisualScripting.Core/Dependencies/DotNetZip/Unity.VisualScripting.IonicZip.dll
Native extension for iOS target not found
Native extension for Android target not found
Native extension for OSXStandalone target not found
Native extension for WebGL target not found
Refreshing native plugins compatible for Editor in 0.65 ms, found 5 plugins.
Preloading 1 native plugins for Editor in 0.37 ms.
Mono: successfully reloaded assembly
- Completed reload, in  0.749 seconds
Domain Reload Profiling:
	ReloadAssembly (749ms)
		BeginReloadAssembly (155ms)
			ExecutionOrderSort (0ms)
			DisableScriptedObjects (3ms)
			BackupInstance (0ms)
			ReleaseScriptingObjects (0ms)
			CreateAndSetChildDomain (115ms)
		EndReloadAssembly (523ms)
			LoadAssemblies (35ms)
			RebuildTransferFunctionScriptingTraits (0ms)
			SetupTypeCache (183ms)
			ReleaseScriptCaches (0ms)
			RebuildScriptCaches (47ms)
			SetupLoadedEditorAssemblies (228ms)
				LogAssemblyErrors (0ms)
				InitializePlatformSupportModulesInManaged (15ms)
				SetLoadedEditorAssemblies (0ms)
				RefreshPlugins (1ms)
				BeforeProcessingInitializeOnLoad (58ms)
				ProcessInitializeOnLoadAttributes (139ms)
				ProcessInitializeOnLoadMethodAttributes (13ms)
				AfterProcessingInitializeOnLoad (1ms)
				EditorAssembliesLoaded (0ms)
			ExecutionOrderSort2 (0ms)
			AwakeInstancesAfterBackupRestoration (2ms)
Platform modules already initialized, skipping
========================================================================
Worker process is ready to serve import requests
Shader 'Oculus/OVRMRCameraFrameLit': fallback shader 'Alpha-Diffuse' not found
Launching external process: /Applications/Unity/Hub/Editor/2021.3.0f1/Unity.app/Contents/Tools/UnityShaderCompiler
Launched and connected shader compiler UnityShaderCompiler after 0.04 seconds
Refreshing native plugins compatible for Editor in 0.58 ms, found 5 plugins.
Preloading 1 native plugins for Editor in 0.33 ms.
Unloading 4274 Unused Serialized files (Serialized files now loaded: 0)
Unloading 47 unused Assets / (219.1 KB). Loaded Objects now: 4717.
Memory consumption went from 276.7 MB to 276.5 MB.
Total: 2.341625 ms (FindLiveObjects: 0.115042 ms CreateObjectMapping: 0.052500 ms MarkObjects: 2.060917 ms  DeleteObjects: 0.112458 ms)

AssetImportParameters requested are different than current active one (requested -> active):
  custom:video-decoder-ogg-theora: a1e56fd34408186e4bbccfd4996cb3dc -> 
  custom:container-muxer-webm: aa71ff27fc2769a1b78a27578f13a17b -> 
  custom:container-demuxer-webm: 4f35f7cbe854078d1ac9338744f61a02 -> 
  custom:video-encoder-webm-vp8: eb34c28f22e8b96e1ab97ce403110664 -> 
  custom:framework-osx-AVFoundation: e770b220cccbd017edd2c1fefb359320 -> 
  custom:audio-encoder-webm-vorbis: bf7c407c2cedff20999df2af8eb42d56 -> 
  custom:container-demuxer-ogg: 62fdf1f143b41e24485cea50d1cbac27 -> 
  custom:video-decoder-webm-vp8: 9c59270c3fd7afecdb556c50c9e8de78 -> 
  custom:audio-decoder-ogg-vorbis: bf7c407c2cedff20999df2af8eb42d56 -> 
========================================================================
Received Import Request.
  Time since last request: 24740.879575 seconds.
  path: Assets/Oculus/SampleFramework/Usage/SharedAssets/Models/ball_billiard_03.fbx
  artifactKey: Guid(9e5fdf0438d84fe498dfaf4e22a401f1) Importer(815301076,1909f56bfc062723c751e8b465ee728b)
Start importing Assets/Oculus/SampleFramework/Usage/SharedAssets/Models/ball_billiard_03.fbx using Guid(9e5fdf0438d84fe498dfaf4e22a401f1) Importer(815301076,1909f56bfc062723c751e8b465ee728b)  -> (artifact id: '718c1ed67c1b32f8f8c29b14675f9726') in 0.483922 seconds 
========================================================================
Received Import Request.
  Time since last request: 0.000063 seconds.
  path: Assets/Oculus/LipSync/Models/FemaleHead_Morph/Female.fbx
  artifactKey: Guid(cbaf1c32e7ec84f10a51be1b09c0ef46) Importer(815301076,1909f56bfc062723c751e8b465ee728b)
Start importing Assets/Oculus/LipSync/Models/FemaleHead_Morph/Female.fbx using Guid(cbaf1c32e7ec84f10a51be1b09c0ef46) Importer(815301076,1909f56bfc062723c751e8b465ee728b)  -> (artifact id: '727520e8d1f4e8e6515600297e260074') in 0.816182 seconds 
========================================================================
Received Import Request.
  Time since last request: 0.000057 seconds.
  path: Assets/Oculus/VR/Meshes/Cone.obj
  artifactKey: Guid(c28fa8d61f81fb742b1180a6d4516625) Importer(815301076,1909f56bfc062723c751e8b465ee728b)
Start importing Assets/Oculus/VR/Meshes/Cone.obj using Guid(c28fa8d61f81fb742b1180a6d4516625) Importer(815301076,1909f56bfc062723c751e8b465ee728b)  -> (artifact id: 'abe8e6297a4da6148f1a60081df415b9') in 0.783617 seconds 
========================================================================
Received Import Request.
  Time since last request: 2.122634 seconds.
  path: Assets/Oculus/Interaction/Samples/Objects/Props/Key/Models/keyMesh.fbx
  artifactKey: Guid(e405223c5441ab54984c172e35b1b32f) Importer(815301076,1909f56bfc062723c751e8b465ee728b)
Start importing Assets/Oculus/Interaction/Samples/Objects/Props/Key/Models/keyMesh.fbx using Guid(e405223c5441ab54984c172e35b1b32f) Importer(815301076,1909f56bfc062723c751e8b465ee728b)  -> (artifact id: 'e70dd5d0dc81b15de0a69d63836c2e9b') in 0.011645 seconds 
========================================================================
Received Import Request.
  Time since last request: 0.000048 seconds.
  path: Assets/Oculus/SampleFramework/Core/TouchControllers/Animations/l_controller_button02_anim.fbx
  artifactKey: Guid(9ff261158dbb43d4ba84b6c3cae9a58a) Importer(815301076,1909f56bfc062723c751e8b465ee728b)
Start importing Assets/Oculus/SampleFramework/Core/TouchControllers/Animations/l_controller_button02_anim.fbx using Guid(9ff261158dbb43d4ba84b6c3cae9a58a) Importer(815301076,1909f56bfc062723c751e8b465ee728b)  -> (artifact id: '95a21d424f21ac74f058c21dd73d4b75') in 0.004618 seconds 
========================================================================
Received Import Request.
  Time since last request: 0.000042 seconds.
  path: Assets/Oculus/SampleFramework/Core/TouchControllers/Animations/l_controller_grip_button_anim.fbx
  artifactKey: Guid(11c5fdfc76258564e8e9e635d76d99b1) Importer(815301076,1909f56bfc062723c751e8b465ee728b)
Start importing Assets/Oculus/SampleFramework/Core/TouchControllers/Animations/l_controller_grip_button_anim.fbx using Guid(11c5fdfc76258564e8e9e635d76d99b1) Importer(815301076,1909f56bfc062723c751e8b465ee728b)  -> (artifact id: 'e9b60a9b894fb7e6b76ddd6ee953d9af') in 0.004144 seconds 
========================================================================
Received Import Request.
  Time since last request: 0.000046 seconds.
  path: Assets/Oculus/SampleFramework/Core/TouchControllers/Animations/l_controller_joy_E_anim.fbx
  artifactKey: Guid(e241ef1d86dba5f48b9987e881378d00) Importer(815301076,1909f56bfc062723c751e8b465ee728b)
Start importing Assets/Oculus/SampleFramework/Core/TouchControllers/Animations/l_controller_joy_E_anim.fbx using Guid(e241ef1d86dba5f48b9987e881378d00) Importer(815301076,1909f56bfc062723c751e8b465ee728b)  -> (artifact id: '7937eb161a96344ec75c2587a03ba0d2') in 0.003516 seconds 
========================================================================
Received Import Request.
  Time since last request: 0.201132 seconds.
  path: Assets/Oculus/SampleFramework/Core/TouchControllers/Animations/l_controller_joy_NW_anim.fbx
  artifactKey: Guid(6d531050a1c3232488732b68dad24643) Importer(815301076,1909f56bfc062723c751e8b465ee728b)
Start importing Assets/Oculus/SampleFramework/Core/TouchControllers/Animations/l_controller_joy_NW_anim.fbx using Guid(6d531050a1c3232488732b68dad24643) Importer(815301076,1909f56bfc062723c751e8b465ee728b)  -> (artifact id: '93fff0aab85cbbd2f14258a68c671b2e') in 0.004155 seconds 
========================================================================
Received Import Request.
  Time since last request: 0.000034 seconds.
  path: Assets/Oculus/SampleFramework/Core/TouchControllers/Animations/l_controller_neutral_button01_mask_anim.fbx
  artifactKey: Guid(a297026597cd6f24eaafc30c8acd3660) Importer(815301076,1909f56bfc062723c751e8b465ee728b)
Start importing Assets/Oculus/SampleFramework/Core/TouchControllers/Animations/l_controller_neutral_button01_mask_anim.fbx using Guid(a297026597cd6f24eaafc30c8acd3660) Importer(815301076,1909f56bfc062723c751e8b465ee728b)  -> (artifact id: 'ba17284204800e28ebf5346e39b2c8e2') in 0.004194 seconds 
========================================================================
Received Import Request.
  Time since last request: 0.000057 seconds.
  path: Assets/Oculus/SampleFramework/Core/TouchControllers/Animations/l_controller_joy_W_anim.fbx
  artifactKey: Guid(2f1df26289a19bb4ea46f213b340524c) Importer(815301076,1909f56bfc062723c751e8b465ee728b)
Start importing Assets/Oculus/SampleFramework/Core/TouchControllers/Animations/l_controller_joy_W_anim.fbx using Guid(2f1df26289a19bb4ea46f213b340524c) Importer(815301076,1909f56bfc062723c751e8b465ee728b)  -> (artifact id: 'a052a38dfc3fcf9512a7ccfece2ed64c') in 0.004082 seconds 
========================================================================
Received Import Request.
  Time since last request: 0.000040 seconds.
  path: Assets/Oculus/SampleFramework/Core/TouchControllers/Animations/l_controller_joy_SW_anim.fbx
  artifactKey: Guid(8bc36ffcda54dee4a8784581a5886ba2) Importer(815301076,1909f56bfc062723c751e8b465ee728b)
Start importing Assets/Oculus/SampleFramework/Core/TouchControllers/Animations/l_controller_joy_SW_anim.fbx using Guid(8bc36ffcda54dee4a8784581a5886ba2) Importer(815301076,1909f56bfc062723c751e8b465ee728b)  -> (artifact id: '10a6e60b013ccd8fe700a7171742ec99') in 0.003960 seconds 
========================================================================
Received Import Request.
  Time since last request: 0.285706 seconds.
  path: Assets/Oculus/SampleFramework/Core/TouchControllers/Animations/l_controller_neutral_button03_mask_anim.fbx
  artifactKey: Guid(0a0d4a0431d8f1247b902263d54324d6) Importer(815301076,1909f56bfc062723c751e8b465ee728b)
Start importing Assets/Oculus/SampleFramework/Core/TouchControllers/Animations/l_controller_neutral_button03_mask_anim.fbx using Guid(0a0d4a0431d8f1247b902263d54324d6) Importer(815301076,1909f56bfc062723c751e8b465ee728b)  -> (artifact id: 'ae96f3d7a07077a122e1c1df47e129d6') in 0.006523 seconds 
========================================================================
Received Import Request.
  Time since last request: 0.000061 seconds.
  path: Assets/Oculus/SampleFramework/Core/TouchControllers/Animations/l_controller_neutral_trigger_pull_mask_anim.fbx
  artifactKey: Guid(6848f611ef9312e4aa10a28c22aee7cf) Importer(815301076,1909f56bfc062723c751e8b465ee728b)
Start importing Assets/Oculus/SampleFramework/Core/TouchControllers/Animations/l_controller_neutral_trigger_pull_mask_anim.fbx using Guid(6848f611ef9312e4aa10a28c22aee7cf) Importer(815301076,1909f56bfc062723c751e8b465ee728b)  -> (artifact id: '636dedb8e642c7efdfc902acaf4e7d22') in 0.004719 seconds 
========================================================================
Received Import Request.
  Time since last request: 0.000034 seconds.
  path: Assets/Oculus/SampleFramework/Core/CustomHands/Animations/l_hand_cap_touch_anim.fbx
  artifactKey: Guid(16a87db82a90e2b40986857ee65aea51) Importer(815301076,1909f56bfc062723c751e8b465ee728b)
Start importing Assets/Oculus/SampleFramework/Core/CustomHands/Animations/l_hand_cap_touch_anim.fbx using Guid(16a87db82a90e2b40986857ee65aea51) Importer(815301076,1909f56bfc062723c751e8b465ee728b)  -> (artifact id: 'f56dd91499e1631b7b17c3a63fd09984') in 0.004405 seconds 
========================================================================
Received Import Request.
  Time since last request: 0.000058 seconds.
  path: Assets/Oculus/SampleFramework/Core/CustomHands/Animations/l_hand_cap_touch_index_mask_anim.fbx
  artifactKey: Guid(8f30ac6cbbbe39d43886ad7626f7e2b2) Importer(815301076,1909f56bfc062723c751e8b465ee728b)
Start importing Assets/Oculus/SampleFramework/Core/CustomHands/Animations/l_hand_cap_touch_index_mask_anim.fbx using Guid(8f30ac6cbbbe39d43886ad7626f7e2b2) Importer(815301076,1909f56bfc062723c751e8b465ee728b)  -> (artifact id: '517e23c05775f0cd5558c2426d44f59c') in 0.003637 seconds 
========================================================================
Received Import Request.
  Time since last request: 0.100221 seconds.
  path: Assets/Oculus/SampleFramework/Core/CustomHands/Animations/l_hand_fist_anim.fbx
  artifactKey: Guid(7cb2e1480bb51ce4282f540ea3f41d4f) Importer(815301076,1909f56bfc062723c751e8b465ee728b)
Start importing Assets/Oculus/SampleFramework/Core/CustomHands/Animations/l_hand_fist_anim.fbx using Guid(7cb2e1480bb51ce4282f540ea3f41d4f) Importer(815301076,1909f56bfc062723c751e8b465ee728b)  -> (artifact id: '4dee005fc62558cca3a19115f112e769') in 0.004449 seconds 
========================================================================
Received Import Request.
  Time since last request: 0.000054 seconds.
  path: Assets/Oculus/SampleFramework/Core/CustomHands/Animations/l_hand_point_anim.fbx
  artifactKey: Guid(7a701167f3382f3469c311bb308142af) Importer(815301076,1909f56bfc062723c751e8b465ee728b)
Start importing Assets/Oculus/SampleFramework/Core/CustomHands/Animations/l_hand_point_anim.fbx using Guid(7a701167f3382f3469c311bb308142af) Importer(815301076,1909f56bfc062723c751e8b465ee728b)  -> (artifact id: '299a0821b3d891d615005168fa0c7c61') in 0.004500 seconds 
========================================================================
Received Import Request.
  Time since last request: 0.000041 seconds.
  path: Assets/Oculus/SampleFramework/Core/CustomHands/Animations/l_hand_hold_billiard_ball_anim.fbx
  artifactKey: Guid(bca4c48c730914fff8cceefbcaa0c11f) Importer(815301076,1909f56bfc062723c751e8b465ee728b)
Start importing Assets/Oculus/SampleFramework/Core/CustomHands/Animations/l_hand_hold_billiard_ball_anim.fbx using Guid(bca4c48c730914fff8cceefbcaa0c11f) Importer(815301076,1909f56bfc062723c751e8b465ee728b)  -> (artifact id: 'eb51969e5aa12859ca1850d706a0c68b') in 0.006671 seconds 
========================================================================
Received Import Request.
  Time since last request: 0.000042 seconds.
  path: Assets/Oculus/SampleFramework/Core/CustomHands/Animations/l_hand_hold_generic_anim.fbx
  artifactKey: Guid(b8943b5ee74fcd945a2746d0051466cd) Importer(815301076,1909f56bfc062723c751e8b465ee728b)
Start importing Assets/Oculus/SampleFramework/Core/CustomHands/Animations/l_hand_hold_generic_anim.fbx using Guid(b8943b5ee74fcd945a2746d0051466cd) Importer(815301076,1909f56bfc062723c751e8b465ee728b)  -> (artifact id: 'e0eaad8b8cbdfb6955c97d78ab702558') in 0.004076 seconds 
========================================================================
Received Import Request.
  Time since last request: 0.151781 seconds.
  path: Assets/Oculus/SampleFramework/Core/CustomHands/Animations/l_hand_relax_mid_fist_anim.fbx
  artifactKey: Guid(ce6184a26b41c254ea24a5968f59d34e) Importer(815301076,1909f56bfc062723c751e8b465ee728b)
Start importing Assets/Oculus/SampleFramework/Core/CustomHands/Animations/l_hand_relax_mid_fist_anim.fbx using Guid(ce6184a26b41c254ea24a5968f59d34e) Importer(815301076,1909f56bfc062723c751e8b465ee728b)  -> (artifact id: '18e7243add395cb879a1405ee6c7a39d') in 0.004591 seconds 
========================================================================
Received Import Request.
  Time since last request: 0.000047 seconds.
  path: Assets/Oculus/SampleFramework/Core/CustomHands/Models/l_hand_skeletal_lowres.fbx
  artifactKey: Guid(ca20b3907ff1c794cb89c1ad2cce8282) Importer(815301076,1909f56bfc062723c751e8b465ee728b)
Start importing Assets/Oculus/SampleFramework/Core/CustomHands/Models/l_hand_skeletal_lowres.fbx using Guid(ca20b3907ff1c794cb89c1ad2cce8282) Importer(815301076,1909f56bfc062723c751e8b465ee728b)  -> (artifact id: '3a365ea36897fbbfc9133ec4b12b6ac0') in 0.014958 seconds 
========================================================================
Received Import Request.
  Time since last request: 0.000042 seconds.
  path: Assets/Oculus/VR/Meshes/OculusTouchForRift/left_touch_controller_model_skel.fbx
  artifactKey: Guid(c3ba18e9fa5e9104098cbdbb3e23a5b4) Importer(815301076,1909f56bfc062723c751e8b465ee728b)
Start importing Assets/Oculus/VR/Meshes/OculusTouchForRift/left_touch_controller_model_skel.fbx using Guid(c3ba18e9fa5e9104098cbdbb3e23a5b4) Importer(815301076,1909f56bfc062723c751e8b465ee728b)  -> (artifact id: 'b8919da3ecf8035d95543c2eec658244') in 0.178118 seconds 
========================================================================
Received Import Request.
  Time since last request: 1.167848 seconds.
  path: Assets/Oculus/Interaction/Samples/Audio/Prefabs/ComplexGrabPinReleaseAudio.prefab
  artifactKey: Guid(1dd2ef34e70eb5b4fa2185b3d1481fc6) Importer(815301076,1909f56bfc062723c751e8b465ee728b)
Start importing Assets/Oculus/Interaction/Samples/Audio/Prefabs/ComplexGrabPinReleaseAudio.prefab using Guid(1dd2ef34e70eb5b4fa2185b3d1481fc6) Importer(815301076,1909f56bfc062723c751e8b465ee728b)  -> (artifact id: '359375ffcbaae71bb601f608ee2c959d') in 0.032495 seconds 
========================================================================
Received Import Request.
  Time since last request: 0.000070 seconds.
  path: Assets/Oculus/SampleFramework/Core/DebugUI/Prefabs/DebugSlider.prefab
  artifactKey: Guid(fd44cad6bf2970e47939ef98a48a9190) Importer(815301076,1909f56bfc062723c751e8b465ee728b)
Start importing Assets/Oculus/SampleFramework/Core/DebugUI/Prefabs/DebugSlider.prefab using Guid(fd44cad6bf2970e47939ef98a48a9190) Importer(815301076,1909f56bfc062723c751e8b465ee728b)  -> (artifact id: '31a6c7ad725ebfdcdd654edf2eee9851') in 0.009877 seconds 
========================================================================
Received Import Request.
  Time since last request: 0.000034 seconds.
  path: Assets/Oculus/SampleFramework/Core/CustomHands/CustomHandRight.prefab
  artifactKey: Guid(ba1fa4a8c66106b4988c88fe4b8e8502) Importer(815301076,1909f56bfc062723c751e8b465ee728b)
Start importing Assets/Oculus/SampleFramework/Core/CustomHands/CustomHandRight.prefab using Guid(ba1fa4a8c66106b4988c88fe4b8e8502) Importer(815301076,1909f56bfc062723c751e8b465ee728b)  -> (artifact id: 'ec99a861d5e89573c66975ebe992eaae') in 0.020002 seconds 
========================================================================
Received Import Request.
  Time since last request: 0.000043 seconds.
  path: Assets/Oculus/SampleFramework/Core/DebugUI/Prefabs/DebugDivider.prefab
  artifactKey: Guid(61d9c2baaf4c42944ae89394cdca96a1) Importer(815301076,1909f56bfc062723c751e8b465ee728b)
Start importing Assets/Oculus/SampleFramework/Core/DebugUI/Prefabs/DebugDivider.prefab using Guid(61d9c2baaf4c42944ae89394cdca96a1) Importer(815301076,1909f56bfc062723c751e8b465ee728b)  -> (artifact id: '5daafbe0c115b2e13609aa3e54b3e68f') in 0.002545 seconds 
========================================================================
Received Import Request.
  Time since last request: 0.000040 seconds.
  path: Assets/Oculus/Interaction/Runtime/Prefabs/Ray/ControllerRayInteractor.prefab
  artifactKey: Guid(44cf50d1a2e68b64791a3e3143ccda19) Importer(815301076,1909f56bfc062723c751e8b465ee728b)
Start importing Assets/Oculus/Interaction/Runtime/Prefabs/Ray/ControllerRayInteractor.prefab using Guid(44cf50d1a2e68b64791a3e3143ccda19) Importer(815301076,1909f56bfc062723c751e8b465ee728b)  -> (artifact id: '157d4b0e4f19c19202d60e4298a2cfc8') in 0.020620 seconds 
========================================================================
Received Import Request.
  Time since last request: 0.000048 seconds.
  path: Assets/Oculus/Interaction/Runtime/Prefabs/Poke/ControllerPokeInteractor.prefab
  artifactKey: Guid(caf1104dfe6d01c4e9dabd59f18e535a) Importer(815301076,1909f56bfc062723c751e8b465ee728b)
Start importing Assets/Oculus/Interaction/Runtime/Prefabs/Poke/ControllerPokeInteractor.prefab using Guid(caf1104dfe6d01c4e9dabd59f18e535a) Importer(815301076,1909f56bfc062723c751e8b465ee728b)  -> (artifact id: 'e93eff608f2ab32142a96afe36dffb41') in 0.028493 seconds 
========================================================================
Received Import Request.
  Time since last request: 0.000041 seconds.
  path: Assets/Oculus/SampleFramework/Usage/DistanceGrab/Prefabs/OutlineItems/DistanceGrabOculusWaterBottlePf.prefab
  artifactKey: Guid(269666423cfb5994c9d52e58a9ee03d5) Importer(815301076,1909f56bfc062723c751e8b465ee728b)
Start importing Assets/Oculus/SampleFramework/Usage/DistanceGrab/Prefabs/OutlineItems/DistanceGrabOculusWaterBottlePf.prefab using Guid(269666423cfb5994c9d52e58a9ee03d5) Importer(815301076,1909f56bfc062723c751e8b465ee728b)  -> (artifact id: '7f96c6136e8c310ee471a9904b5fb302') in 0.037061 seconds 
========================================================================
Received Import Request.
  Time since last request: 0.000032 seconds.
  path: Assets/Oculus/SampleFramework/Core/DistanceGrab/Prefabs/DistanceGrabHandLeft.prefab
  artifactKey: Guid(0242aa8515b4bc947a945a5c6df83ee9) Importer(815301076,1909f56bfc062723c751e8b465ee728b)
Start importing Assets/Oculus/SampleFramework/Core/DistanceGrab/Prefabs/DistanceGrabHandLeft.prefab using Guid(0242aa8515b4bc947a945a5c6df83ee9) Importer(815301076,1909f56bfc062723c751e8b465ee728b)  -> (artifact id: 'f7592b4f72ed40bb16095a80c696f58b') in 0.009481 seconds 
========================================================================
Received Import Request.
  Time since last request: 0.000058 seconds.
  path: Assets/Oculus/SampleFramework/Core/DebugUI/Prefabs/DebugRadio.prefab
  artifactKey: Guid(a508804a6c02d1c44885f209b9996929) Importer(815301076,1909f56bfc062723c751e8b465ee728b)
Start importing Assets/Oculus/SampleFramework/Core/DebugUI/Prefabs/DebugRadio.prefab using Guid(a508804a6c02d1c44885f209b9996929) Importer(815301076,1909f56bfc062723c751e8b465ee728b)  -> (artifact id: 'eb4b46f0582a3f44b4437dd10ae14798') in 0.003585 seconds 
========================================================================
Received Import Request.
  Time since last request: 0.000035 seconds.
  path: Assets/Oculus/Interaction/Samples/Objects/Environment/MRDesk/Desk.prefab
  artifactKey: Guid(45d2d4e5a3d2fcd4aa2e59783c030364) Importer(815301076,1909f56bfc062723c751e8b465ee728b)
Start importing Assets/Oculus/Interaction/Samples/Objects/Environment/MRDesk/Desk.prefab using Guid(45d2d4e5a3d2fcd4aa2e59783c030364) Importer(815301076,1909f56bfc062723c751e8b465ee728b)  -> (artifact id: '3cf32eeb1484db92b071938790fdf179') in 0.021433 seconds 
========================================================================
Received Import Request.
  Time since last request: 0.000058 seconds.
  path: Assets/Oculus/SampleFramework/Core/DebugUI/Prefabs/DebugLabel.prefab
  artifactKey: Guid(b70f270c689802248940829a132bb9cc) Importer(815301076,1909f56bfc062723c751e8b465ee728b)
Start importing Assets/Oculus/SampleFramework/Core/DebugUI/Prefabs/DebugLabel.prefab using Guid(b70f270c689802248940829a132bb9cc) Importer(815301076,1909f56bfc062723c751e8b465ee728b)  -> (artifact id: '6ce605d9acf190ec1d3bf8fd2cc67bc2') in 0.002307 seconds 
========================================================================
Received Import Request.
  Time since last request: 0.000067 seconds.
  path: Assets/Oculus/SampleFramework/Core/DistanceGrab/Prefabs/DistanceGrabHandRight.prefab
  artifactKey: Guid(6fae51a9f4170334e8639e8dbfc0a54b) Importer(815301076,1909f56bfc062723c751e8b465ee728b)
Start importing Assets/Oculus/SampleFramework/Core/DistanceGrab/Prefabs/DistanceGrabHandRight.prefab using Guid(6fae51a9f4170334e8639e8dbfc0a54b) Importer(815301076,1909f56bfc062723c751e8b465ee728b)  -> (artifact id: '3583f8264d7d54d8f9ad78ebc6efb762') in 0.009210 seconds 
========================================================================
Received Import Request.
  Time since last request: 0.000044 seconds.
  path: Assets/Oculus/SampleFramework/Usage/SpatialAnchor/Prefabs/DemoAnchorPlacement.prefab
  artifactKey: Guid(bfee9d7faddbe8d40b04d370732cdb52) Importer(815301076,1909f56bfc062723c751e8b465ee728b)
Start importing Assets/Oculus/SampleFramework/Usage/SpatialAnchor/Prefabs/DemoAnchorPlacement.prefab using Guid(bfee9d7faddbe8d40b04d370732cdb52) Importer(815301076,1909f56bfc062723c751e8b465ee728b)  -> (artifact id: '59a91df7bd177efbab201ae17b6206c7') in 0.012189 seconds 
========================================================================
Received Import Request.
  Time since last request: 0.000045 seconds.
  path: Assets/Oculus/SampleFramework/Usage/SpatialAnchor/Prefabs/DemoAnchorPrefab.prefab
  artifactKey: Guid(cbd6efbdc5102a044bf11631bfccb0c1) Importer(815301076,1909f56bfc062723c751e8b465ee728b)
Start importing Assets/Oculus/SampleFramework/Usage/SpatialAnchor/Prefabs/DemoAnchorPrefab.prefab using Guid(cbd6efbdc5102a044bf11631bfccb0c1) Importer(815301076,1909f56bfc062723c751e8b465ee728b)  -> (artifact id: 'de4bab4bab6c3b8dd19b12d4b70f8fc9') in 0.021322 seconds 
========================================================================
Received Import Request.
  Time since last request: 0.000059 seconds.
  path: Assets/Oculus/SampleFramework/Usage/DistanceGrab/Prefabs/OutlineItems/DistanceGrabBillardBall10Pf.prefab
  artifactKey: Guid(6163b6f161e808a42b2cd59a7ed32c34) Importer(815301076,1909f56bfc062723c751e8b465ee728b)
Start importing Assets/Oculus/SampleFramework/Usage/DistanceGrab/Prefabs/OutlineItems/DistanceGrabBillardBall10Pf.prefab using Guid(6163b6f161e808a42b2cd59a7ed32c34) Importer(815301076,1909f56bfc062723c751e8b465ee728b)  -> (artifact id: 'c9fc63fd9dfb3038e043eedda85edf4a') in 0.006868 seconds 
========================================================================
Received Import Request.
  Time since last request: 0.000040 seconds.
  path: Assets/Oculus/Interaction/Samples/Audio/Prefabs/ComplexGrabStoneGrabAudio.prefab
  artifactKey: Guid(36f9e4d94e3541446b28a1ffc63010c7) Importer(815301076,1909f56bfc062723c751e8b465ee728b)
Start importing Assets/Oculus/Interaction/Samples/Audio/Prefabs/ComplexGrabStoneGrabAudio.prefab using Guid(36f9e4d94e3541446b28a1ffc63010c7) Importer(815301076,1909f56bfc062723c751e8b465ee728b)  -> (artifact id: '6f38e9c243196d9fdf418c0cf38da58a') in 0.002604 seconds 
========================================================================
Received Import Request.
  Time since last request: 0.000048 seconds.
  path: Assets/Oculus/Interaction/Samples/Audio/Prefabs/ComplexGrabStoneResize.prefab
  artifactKey: Guid(1a09422e2d7b4fb48a5986c6eb57a629) Importer(815301076,1909f56bfc062723c751e8b465ee728b)
Start importing Assets/Oculus/Interaction/Samples/Audio/Prefabs/ComplexGrabStoneResize.prefab using Guid(1a09422e2d7b4fb48a5986c6eb57a629) Importer(815301076,1909f56bfc062723c751e8b465ee728b)  -> (artifact id: '4b23c874fc912e8196067650a3e506d8') in 0.003335 seconds 
========================================================================
Received Import Request.
  Time since last request: 11.449979 seconds.
  path: Assets/Oculus/Spatializer/scenes/sounds/360 Workstation Ambisonic Panning AmbiX.wav
  artifactKey: Guid(1340d7fb0cd1bfb4caa3b3270cb2ea5f) Importer(815301076,1909f56bfc062723c751e8b465ee728b)
Start importing Assets/Oculus/Spatializer/scenes/sounds/360 Workstation Ambisonic Panning AmbiX.wav using Guid(1340d7fb0cd1bfb4caa3b3270cb2ea5f) Importer(815301076,1909f56bfc062723c751e8b465ee728b)  -> (artifact id: 'aeab0c917a8061fdf7404a2a73bd41dd') in 0.605624 seconds 
========================================================================
Received Import Request.
  Time since last request: 2.194124 seconds.
  path: Assets/Oculus/VR/Prefabs/OVRCubemapCaptureProbe.prefab
  artifactKey: Guid(7a400e96d4650ff4e827a7e727fad81d) Importer(815301076,1909f56bfc062723c751e8b465ee728b)
Start importing Assets/Oculus/VR/Prefabs/OVRCubemapCaptureProbe.prefab using Guid(7a400e96d4650ff4e827a7e727fad81d) Importer(815301076,1909f56bfc062723c751e8b465ee728b)  -> (artifact id: '8dfda6d9277cfb8de2a4553554789b8d') in 0.003582 seconds 
========================================================================
Received Import Request.
  Time since last request: 0.000039 seconds.
  path: Assets/Oculus/VR/Prefabs/OVRCustomHandPrefab_L.prefab
  artifactKey: Guid(c6a74181d4000004887343fb87b3c53a) Importer(815301076,1909f56bfc062723c751e8b465ee728b)
Start importing Assets/Oculus/VR/Prefabs/OVRCustomHandPrefab_L.prefab using Guid(c6a74181d4000004887343fb87b3c53a) Importer(815301076,1909f56bfc062723c751e8b465ee728b)  -> (artifact id: '30a1b051d4e37f7d1fd5375e2e0caa82') in 0.011515 seconds 
========================================================================
Received Import Request.
  Time since last request: 0.000059 seconds.
  path: Assets/Oculus/VR/Prefabs/OVRCustomHandPrefab_R.prefab
  artifactKey: Guid(e201a24a09e942042b93390d0444d728) Importer(815301076,1909f56bfc062723c751e8b465ee728b)
Start importing Assets/Oculus/VR/Prefabs/OVRCustomHandPrefab_R.prefab using Guid(e201a24a09e942042b93390d0444d728) Importer(815301076,1909f56bfc062723c751e8b465ee728b)  -> (artifact id: '594a8c58ea5e054c3c9188b424be4223') in 0.008707 seconds 
========================================================================
Received Import Request.
  Time since last request: 44.517987 seconds.
  path: Assets/Oculus/VR/Prefabs/OVRPlayerController.prefab
  artifactKey: Guid(ce816f2e6abb0504092c23ed9b970dfd) Importer(815301076,1909f56bfc062723c751e8b465ee728b)
Start importing Assets/Oculus/VR/Prefabs/OVRPlayerController.prefab using Guid(ce816f2e6abb0504092c23ed9b970dfd) Importer(815301076,1909f56bfc062723c751e8b465ee728b)  -> (artifact id: 'ad6c1b7a6b18d6cb5c2711f0e7d65132') in 0.004586 seconds 
========================================================================
Received Prepare
Registering precompiled user dll's ...
Registered in 0.001025 seconds.
Begin MonoManager ReloadAssembly
Thread 0x29bc87000 may have been prematurely finalized
Symbol file LoadedFromMemory doesn't match image /Users/alphonsosensleyii/Documents/GitHub/MetaQuest2_Demo/MetaQuest2_Demo/Library/PackageCache/com.unity.visualscripting@1.7.6/Editor/VisualScripting.Core/Dependencies/YamlDotNet/Unity.VisualScripting.YamlDotNet.dll
Symbol file LoadedFromMemory is not a mono symbol file
Symbol file LoadedFromMemory doesn't match image /Users/alphonsosensleyii/Documents/GitHub/MetaQuest2_Demo/MetaQuest2_Demo/Library/PackageCache/com.unity.visualscripting@1.7.6/Editor/VisualScripting.Core/Dependencies/DotNetZip/Unity.VisualScripting.IonicZip.dll
Native extension for iOS target not found
Native extension for Android target not found
Native extension for OSXStandalone target not found
Native extension for WebGL target not found
Refreshing native plugins compatible for Editor in 0.69 ms, found 5 plugins.
Preloading 1 native plugins for Editor in 0.33 ms.
Mono: successfully reloaded assembly
- Completed reload, in  0.561 seconds
Domain Reload Profiling:
	ReloadAssembly (562ms)
		BeginReloadAssembly (76ms)
			ExecutionOrderSort (0ms)
			DisableScriptedObjects (2ms)
			BackupInstance (0ms)
			ReleaseScriptingObjects (0ms)
			CreateAndSetChildDomain (29ms)
		EndReloadAssembly (428ms)
			LoadAssemblies (38ms)
			RebuildTransferFunctionScriptingTraits (0ms)
			SetupTypeCache (166ms)
			ReleaseScriptCaches (1ms)
			RebuildScriptCaches (26ms)
			SetupLoadedEditorAssemblies (171ms)
				LogAssemblyErrors (0ms)
				InitializePlatformSupportModulesInManaged (18ms)
				SetLoadedEditorAssemblies (0ms)
				RefreshPlugins (1ms)
				BeforeProcessingInitializeOnLoad (37ms)
				ProcessInitializeOnLoadAttributes (103ms)
				ProcessInitializeOnLoadMethodAttributes (11ms)
				AfterProcessingInitializeOnLoad (1ms)
				EditorAssembliesLoaded (0ms)
			ExecutionOrderSort2 (0ms)
			AwakeInstancesAfterBackupRestoration (2ms)
Platform modules already initialized, skipping
Shader 'Oculus/OVRMRCameraFrameLit': fallback shader 'Alpha-Diffuse' not found
Refreshing native plugins compatible for Editor in 3.73 ms, found 5 plugins.
Preloading 1 native plugins for Editor in 0.35 ms.
Unloading 4207 Unused Serialized files (Serialized files now loaded: 0)
Unloading 43 unused Assets / (76.6 KB). Loaded Objects now: 4770.
Memory consumption went from 306.0 MB to 306.0 MB.
Total: 2.514125 ms (FindLiveObjects: 0.137541 ms CreateObjectMapping: 0.052167 ms MarkObjects: 2.239542 ms  DeleteObjects: 0.084375 ms)

AssetImportParameters requested are different than current active one (requested -> active):
  custom:video-decoder-ogg-theora: a1e56fd34408186e4bbccfd4996cb3dc -> 
  custom:container-muxer-webm: aa71ff27fc2769a1b78a27578f13a17b -> 
  custom:container-demuxer-webm: 4f35f7cbe854078d1ac9338744f61a02 -> 
  custom:video-encoder-webm-vp8: eb34c28f22e8b96e1ab97ce403110664 -> 
  custom:framework-osx-AVFoundation: e770b220cccbd017edd2c1fefb359320 -> 
  custom:audio-encoder-webm-vorbis: bf7c407c2cedff20999df2af8eb42d56 -> 
  custom:container-demuxer-ogg: 62fdf1f143b41e24485cea50d1cbac27 -> 
  custom:video-decoder-webm-vp8: 9c59270c3fd7afecdb556c50c9e8de78 -> 
  custom:audio-decoder-ogg-vorbis: bf7c407c2cedff20999df2af8eb42d56 -> 
========================================================================
Received Prepare
Registering precompiled user dll's ...
Registered in 0.001167 seconds.
Begin MonoManager ReloadAssembly
Thread 0x16b9c3000 may have been prematurely finalized
Symbol file LoadedFromMemory doesn't match image /Users/alphonsosensleyii/Documents/GitHub/MetaQuest2_Demo/MetaQuest2_Demo/Library/PackageCache/com.unity.visualscripting@1.7.6/Editor/VisualScripting.Core/Dependencies/YamlDotNet/Unity.VisualScripting.YamlDotNet.dll
Symbol file LoadedFromMemory is not a mono symbol file
Symbol file LoadedFromMemory doesn't match image /Users/alphonsosensleyii/Documents/GitHub/MetaQuest2_Demo/MetaQuest2_Demo/Library/PackageCache/com.unity.visualscripting@1.7.6/Editor/VisualScripting.Core/Dependencies/DotNetZip/Unity.VisualScripting.IonicZip.dll
Native extension for iOS target not found
Native extension for Android target not found
Native extension for OSXStandalone target not found
Native extension for WebGL target not found
Refreshing native plugins compatible for Editor in 0.63 ms, found 5 plugins.
Preloading 1 native plugins for Editor in 0.37 ms.
Package Manager log level set to [2]
Mono: successfully reloaded assembly
- Completed reload, in  0.597 seconds
Domain Reload Profiling:
	ReloadAssembly (597ms)
		BeginReloadAssembly (71ms)
			ExecutionOrderSort (0ms)
			DisableScriptedObjects (3ms)
			BackupInstance (0ms)
			ReleaseScriptingObjects (0ms)
			CreateAndSetChildDomain (26ms)
		EndReloadAssembly (467ms)
			LoadAssemblies (32ms)
			RebuildTransferFunctionScriptingTraits (0ms)
			SetupTypeCache (184ms)
			ReleaseScriptCaches (1ms)
			RebuildScriptCaches (29ms)
			SetupLoadedEditorAssemblies (188ms)
				LogAssemblyErrors (0ms)
				InitializePlatformSupportModulesInManaged (18ms)
				SetLoadedEditorAssemblies (0ms)
				RefreshPlugins (1ms)
				BeforeProcessingInitializeOnLoad (42ms)
				ProcessInitializeOnLoadAttributes (115ms)
				ProcessInitializeOnLoadMethodAttributes (12ms)
				AfterProcessingInitializeOnLoad (1ms)
				EditorAssembliesLoaded (0ms)
			ExecutionOrderSort2 (0ms)
			AwakeInstancesAfterBackupRestoration (2ms)
Platform modules already initialized, skipping
Shader 'Oculus/OVRMRCameraFrameLit': fallback shader 'Alpha-Diffuse' not found
Refreshing native plugins compatible for Editor in 1.57 ms, found 5 plugins.
Preloading 1 native plugins for Editor in 0.36 ms.
Unloading 4283 Unused Serialized files (Serialized files now loaded: 0)
Unloading 39 unused Assets / (75.0 KB). Loaded Objects now: 4851.
Memory consumption went from 309.2 MB to 309.1 MB.
Total: 2.147792 ms (FindLiveObjects: 0.119125 ms CreateObjectMapping: 0.053584 ms MarkObjects: 1.898666 ms  DeleteObjects: 0.075666 ms)

AssetImportParameters requested are different than current active one (requested -> active):
  custom:video-decoder-ogg-theora: a1e56fd34408186e4bbccfd4996cb3dc -> 
  custom:container-muxer-webm: aa71ff27fc2769a1b78a27578f13a17b -> 
  custom:container-demuxer-webm: 4f35f7cbe854078d1ac9338744f61a02 -> 
  custom:video-encoder-webm-vp8: eb34c28f22e8b96e1ab97ce403110664 -> 
  custom:framework-osx-AVFoundation: e770b220cccbd017edd2c1fefb359320 -> 
  custom:audio-encoder-webm-vorbis: bf7c407c2cedff20999df2af8eb42d56 -> 
  custom:container-demuxer-ogg: 62fdf1f143b41e24485cea50d1cbac27 -> 
  custom:video-decoder-webm-vp8: 9c59270c3fd7afecdb556c50c9e8de78 -> 
  custom:audio-decoder-ogg-vorbis: bf7c407c2cedff20999df2af8eb42d56 -> 
========================================================================
Received Prepare
Registering precompiled user dll's ...
Registered in 0.001334 seconds.
Begin MonoManager ReloadAssembly
Thread 0x17dd13000 may have been prematurely finalized
Symbol file LoadedFromMemory doesn't match image /Users/alphonsosensleyii/Documents/GitHub/MetaQuest2_Demo/MetaQuest2_Demo/Library/PackageCache/com.unity.visualscripting@1.7.6/Editor/VisualScripting.Core/Dependencies/YamlDotNet/Unity.VisualScripting.YamlDotNet.dll
Symbol file LoadedFromMemory is not a mono symbol file
Symbol file LoadedFromMemory doesn't match image /Users/alphonsosensleyii/Documents/GitHub/MetaQuest2_Demo/MetaQuest2_Demo/Library/PackageCache/com.unity.visualscripting@1.7.6/Editor/VisualScripting.Core/Dependencies/DotNetZip/Unity.VisualScripting.IonicZip.dll
Native extension for iOS target not found
Native extension for Android target not found
Native extension for OSXStandalone target not found
Native extension for WebGL target not found
Refreshing native plugins compatible for Editor in 0.70 ms, found 5 plugins.
Preloading 1 native plugins for Editor in 0.33 ms.
Mono: successfully reloaded assembly
- Completed reload, in  0.591 seconds
Domain Reload Profiling:
	ReloadAssembly (592ms)
		BeginReloadAssembly (81ms)
			ExecutionOrderSort (0ms)
			DisableScriptedObjects (3ms)
			BackupInstance (0ms)
			ReleaseScriptingObjects (0ms)
			CreateAndSetChildDomain (32ms)
		EndReloadAssembly (453ms)
			LoadAssemblies (37ms)
			RebuildTransferFunctionScriptingTraits (0ms)
			SetupTypeCache (183ms)
			ReleaseScriptCaches (1ms)
			RebuildScriptCaches (29ms)
			SetupLoadedEditorAssemblies (175ms)
				LogAssemblyErrors (0ms)
				InitializePlatformSupportModulesInManaged (17ms)
				SetLoadedEditorAssemblies (0ms)
				RefreshPlugins (1ms)
				BeforeProcessingInitializeOnLoad (39ms)
				ProcessInitializeOnLoadAttributes (107ms)
				ProcessInitializeOnLoadMethodAttributes (11ms)
				AfterProcessingInitializeOnLoad (1ms)
				EditorAssembliesLoaded (0ms)
			ExecutionOrderSort2 (0ms)
			AwakeInstancesAfterBackupRestoration (2ms)
Platform modules already initialized, skipping
Shader 'Oculus/OVRMRCameraFrameLit': fallback shader 'Alpha-Diffuse' not found
Refreshing native plugins compatible for Editor in 3.96 ms, found 5 plugins.
Preloading 1 native plugins for Editor in 0.36 ms.
Unloading 4312 Unused Serialized files (Serialized files now loaded: 0)
Unloading 52 unused Assets / (75.1 KB). Loaded Objects now: 4871.
Memory consumption went from 310.3 MB to 310.3 MB.
Total: 2.270834 ms (FindLiveObjects: 0.126667 ms CreateObjectMapping: 0.054208 ms MarkObjects: 2.017500 ms  DeleteObjects: 0.071750 ms)

AssetImportParameters requested are different than current active one (requested -> active):
  custom:video-decoder-ogg-theora: a1e56fd34408186e4bbccfd4996cb3dc -> 
  custom:container-muxer-webm: aa71ff27fc2769a1b78a27578f13a17b -> 
  custom:container-demuxer-webm: 4f35f7cbe854078d1ac9338744f61a02 -> 
  custom:video-encoder-webm-vp8: eb34c28f22e8b96e1ab97ce403110664 -> 
  custom:framework-osx-AVFoundation: e770b220cccbd017edd2c1fefb359320 -> 
  custom:audio-encoder-webm-vorbis: bf7c407c2cedff20999df2af8eb42d56 -> 
  custom:container-demuxer-ogg: 62fdf1f143b41e24485cea50d1cbac27 -> 
  custom:video-decoder-webm-vp8: 9c59270c3fd7afecdb556c50c9e8de78 -> 
  custom:audio-decoder-ogg-vorbis: bf7c407c2cedff20999df2af8eb42d56 -> 
========================================================================
Received Prepare
Shader 'Oculus/OVRMRCameraFrameLit': fallback shader 'Alpha-Diffuse' not found
Refreshing native plugins compatible for Editor in 6.75 ms, found 5 plugins.
Preloading 1 native plugins for Editor in 0.36 ms.
Unloading 52 Unused Serialized files (Serialized files now loaded: 0)
Unloading 52 unused Assets / (75.1 KB). Loaded Objects now: 4871.
Memory consumption went from 225.3 MB to 225.3 MB.
Total: 2.209959 ms (FindLiveObjects: 0.152416 ms CreateObjectMapping: 0.054042 ms MarkObjects: 1.936042 ms  DeleteObjects: 0.067000 ms)

AssetImportParameters requested are different than current active one (requested -> active):
  colorSpace: 1 -> 0
  custom:video-decoder-ogg-theora: a1e56fd34408186e4bbccfd4996cb3dc -> 
  custom:container-muxer-webm: aa71ff27fc2769a1b78a27578f13a17b -> 
  custom:container-demuxer-webm: 4f35f7cbe854078d1ac9338744f61a02 -> 
  custom:video-encoder-webm-vp8: eb34c28f22e8b96e1ab97ce403110664 -> 
  custom:framework-osx-AVFoundation: e770b220cccbd017edd2c1fefb359320 -> 
  custom:audio-encoder-webm-vorbis: bf7c407c2cedff20999df2af8eb42d56 -> 
  custom:container-demuxer-ogg: 62fdf1f143b41e24485cea50d1cbac27 -> 
  custom:video-decoder-webm-vp8: 9c59270c3fd7afecdb556c50c9e8de78 -> 
  custom:graphics/active-color-space: 03000000000000000000000000000000 -> 02000000000000000000000000000000
  custom:audio-decoder-ogg-vorbis: bf7c407c2cedff20999df2af8eb42d56 -> 
========================================================================
Received Prepare
Shader 'Oculus/OVRMRCameraFrameLit': fallback shader 'Alpha-Diffuse' not found
Refreshing native plugins compatible for Editor in 12.12 ms, found 5 plugins.
Preloading 1 native plugins for Editor in 0.43 ms.
Unloading 52 Unused Serialized files (Serialized files now loaded: 0)
Unloading 52 unused Assets / (72.8 KB). Loaded Objects now: 4871.
Memory consumption went from 221.1 MB to 221.0 MB.
Total: 11.964958 ms (FindLiveObjects: 0.150042 ms CreateObjectMapping: 0.055542 ms MarkObjects: 11.682958 ms  DeleteObjects: 0.075791 ms)

AssetImportParameters requested are different than current active one (requested -> active):
  custom:video-decoder-ogg-theora: a1e56fd34408186e4bbccfd4996cb3dc -> 
  custom:container-muxer-webm: aa71ff27fc2769a1b78a27578f13a17b -> 
  custom:container-demuxer-webm: 4f35f7cbe854078d1ac9338744f61a02 -> 
  custom:video-encoder-webm-vp8: eb34c28f22e8b96e1ab97ce403110664 -> 
  custom:framework-osx-AVFoundation: e770b220cccbd017edd2c1fefb359320 -> 
  custom:audio-encoder-webm-vorbis: bf7c407c2cedff20999df2af8eb42d56 -> 
  custom:container-demuxer-ogg: 62fdf1f143b41e24485cea50d1cbac27 -> 
  custom:video-decoder-webm-vp8: 9c59270c3fd7afecdb556c50c9e8de78 -> 
  custom:audio-decoder-ogg-vorbis: bf7c407c2cedff20999df2af8eb42d56 -> 
